<?xml version="1.0" encoding="UTF-8"?>
<testng-results skipped="0" failed="0" ignored="0" total="1" passed="1">
  <reporter-output>
  </reporter-output>
  <suite name="Default suite" duration-ms="8312" started-at="2022-05-16T11:05:54 IST" finished-at="2022-05-16T11:06:02 IST">
    <groups>
    </groups>
    <test name="Default test" duration-ms="8312" started-at="2022-05-16T11:05:54 IST" finished-at="2022-05-16T11:06:02 IST">
      <class name="login.LoginTestcase">
        <test-method status="PASS" signature="login()[pri:0, instance:login.LoginTestcase@2286778]" name="login" duration-ms="8289" started-at="2022-05-16T11:05:54 IST" finished-at="2022-05-16T11:06:02 IST">
          <reporter-output>
          </reporter-output>
        </test-method> <!-- login -->
      </class> <!-- login.LoginTestcase -->
    </test> <!-- Default test -->
  </suite> <!-- Default suite -->
</testng-results>
